<?xml version="1.0" encoding="UTF-8"?>
<!-- Generated by org.testng.reporters.JUnitReportReporter -->
<testsuite hostname="DESKTOP-FV7QQA3" failures="0" tests="9" name="testRunner.CheckTrackRunner" time="303.238" errors="0" timestamp="2024-07-17T12:28:30 IST" skipped="0">
  <testcase classname="testRunner.CheckTrackRunner" name="runScenario" time="26.541"/>
  <testcase classname="testRunner.CheckTrackRunner" name="runScenario" time="46.495"/>
  <testcase classname="testRunner.CheckTrackRunner" name="runScenario" time="24.017"/>
  <testcase classname="testRunner.CheckTrackRunner" name="runScenario" time="41.620"/>
  <testcase classname="testRunner.CheckTrackRunner" name="runScenario" time="20.923"/>
  <testcase classname="testRunner.CheckTrackRunner" name="runScenario" time="32.754"/>
  <testcase classname="testRunner.CheckTrackRunner" name="runScenario" time="37.735"/>
  <testcase classname="testRunner.CheckTrackRunner" name="runScenario" time="40.934"/>
  <testcase classname="testRunner.CheckTrackRunner" name="runScenario" time="32.219"/>
</testsuite> <!-- testRunner.CheckTrackRunner -->
