<?xml version="1.0" encoding="UTF-8"?>
<!-- Generated by org.testng.reporters.JUnitReportReporter -->
<testsuite hostname="DESKTOP-FV7QQA3" failures="1" tests="1" name="testRunner.CheckTrackRunner" time="25.619" errors="0" timestamp="2023-12-22T21:03:49 IST" skipped="0">
  <testcase classname="testRunner.CheckTrackRunner" name="runScenario" time="25.619">
    <failure message="expected [Project name is empty] but found [Project name is empty!]" type="java.lang.AssertionError">
      <![CDATA[java.lang.AssertionError: expected [Project name is empty] but found [Project name is empty!]
at org.testng.Assert.fail(Assert.java:111)
at org.testng.Assert.failNotEquals(Assert.java:1578)
at org.testng.Assert.assertEqualsImpl(Assert.java:150)
at org.testng.Assert.assertEquals(Assert.java:132)
at org.testng.Assert.assertEquals(Assert.java:656)
at org.testng.Assert.assertEquals(Assert.java:666)
at stepDefination.ProjectAndTaskDef.verify_the_error_massage_as(ProjectAndTaskDef.java:72)
at âœ½.verify the error massage as "Project name is empty"(file:///C:/Users/agsat/git/CucumberAuto/CucumberAuto/./FeatureFile/ProjectAndTask.feature:15)
]]>
    </failure>
  </testcase> <!-- runScenario -->
</testsuite> <!-- testRunner.CheckTrackRunner -->
