<?xml version="1.0" encoding="UTF-8"?>
<!-- Generated by org.testng.reporters.JUnitReportReporter -->
<testsuite hostname="DESKTOP-FV7QQA3" failures="0" tests="9" name="testRunner.CheckTrackRunner" time="184.715" errors="0" timestamp="2024-05-02T10:29:33 IST" skipped="0">
  <testcase classname="testRunner.CheckTrackRunner" name="runScenario" time="18.113"/>
  <testcase classname="testRunner.CheckTrackRunner" name="runScenario" time="17.926"/>
  <testcase classname="testRunner.CheckTrackRunner" name="runScenario" time="17.646"/>
  <testcase classname="testRunner.CheckTrackRunner" name="runScenario" time="16.800"/>
  <testcase classname="testRunner.CheckTrackRunner" name="runScenario" time="18.106"/>
  <testcase classname="testRunner.CheckTrackRunner" name="runScenario" time="16.433"/>
  <testcase classname="testRunner.CheckTrackRunner" name="runScenario" time="44.155"/>
  <testcase classname="testRunner.CheckTrackRunner" name="runScenario" time="18.222"/>
  <testcase classname="testRunner.CheckTrackRunner" name="runScenario" time="17.314"/>
</testsuite> <!-- testRunner.CheckTrackRunner -->
