<?xml version="1.0" encoding="UTF-8"?>
<!-- Generated by org.testng.reporters.JUnitReportReporter -->
<testsuite hostname="DESKTOP-FV7QQA3" failures="0" tests="1" name="qa.Testlayer.LoginPageTest" time="5.559" errors="0" timestamp="2023-12-21T16:26:22 IST" skipped="0">
  <testcase classname="qa.Testlayer.LoginPageTest" name="loginPageTest_WithvalidCredential" time="5.559"/>
</testsuite> <!-- qa.Testlayer.LoginPageTest -->
