<?xml version="1.0" encoding="UTF-8"?>
<!-- Generated by org.testng.reporters.JUnitReportReporter -->
<testsuite hostname="DESKTOP-FV7QQA3" failures="0" tests="1" name="qa.Testlayer.TimeEntryTest" time="87.576" errors="0" timestamp="2024-05-03T16:46:02 IST" skipped="0">
  <testcase classname="qa.Testlayer.TimeEntryTest" name="addTimeEntry" time="87.576"/>
</testsuite> <!-- qa.Testlayer.TimeEntryTest -->
